[ 13619.666] 
X.Org X Server 1.21.1.4
X Protocol Version 11, Revision 0
[ 13619.686] Current Operating System: Linux localhost.localdomain 5.15.74-gentoo #9 SMP Thu Oct 27 11:14:01 CEST 2022 x86_64
[ 13619.686] Kernel command line: BOOT_IMAGE=/vmlinuz-5.15.74-gentoo root=UUID=38ee81bb-9aef-4e02-8826-70939fadffa5 ro
[ 13619.695]  
[ 13619.699] Current version of pixman: 0.40.0
[ 13619.705] 	Before reporting problems, check http://wiki.x.org
	to make sure that you have the latest version.
[ 13619.705] Markers: (--) probed, (**) from config file, (==) default setting,
	(++) from command line, (!!) notice, (II) informational,
	(WW) warning, (EE) error, (NI) not implemented, (??) unknown.
[ 13619.718] (==) Log file: "/home/niklas/.local/share/xorg/Xorg.0.log", Time: Sun Oct 30 11:27:24 2022
[ 13619.721] (==) Using config directory: "/etc/X11/xorg.conf.d"
[ 13619.724] (==) Using system config directory "/usr/share/X11/xorg.conf.d"
[ 13619.724] (==) No Layout section.  Using the first Screen section.
[ 13619.724] (==) No screen section available. Using defaults.
[ 13619.724] (**) |-->Screen "Default Screen Section" (0)
[ 13619.724] (**) |   |-->Monitor "<default monitor>"
[ 13619.724] (==) No device specified for screen "Default Screen Section".
	Using the first device section listed.
[ 13619.724] (**) |   |-->Device "Intel Graphics"
[ 13619.724] (==) No monitor specified for screen "Default Screen Section".
	Using a default monitor configuration.
[ 13619.724] (==) Automatically adding devices
[ 13619.724] (==) Automatically enabling devices
[ 13619.724] (==) Automatically adding GPU devices
[ 13619.724] (==) Automatically binding GPU devices
[ 13619.724] (==) Max clients allowed: 256, resource mask: 0x1fffff
[ 13619.724] (WW) The directory "/usr/share/fonts/TTF" does not exist.
[ 13619.724] 	Entry deleted from font path.
[ 13619.724] (WW) The directory "/usr/share/fonts/OTF" does not exist.
[ 13619.724] 	Entry deleted from font path.
[ 13619.724] (WW) The directory "/usr/share/fonts/Type1" does not exist.
[ 13619.724] 	Entry deleted from font path.
[ 13619.724] (WW) `fonts.dir' not found (or not valid) in "/usr/share/fonts/100dpi".
[ 13619.724] 	Entry deleted from font path.
[ 13619.724] 	(Run 'mkfontdir' on "/usr/share/fonts/100dpi").
[ 13619.724] (WW) `fonts.dir' not found (or not valid) in "/usr/share/fonts/75dpi".
[ 13619.724] 	Entry deleted from font path.
[ 13619.724] 	(Run 'mkfontdir' on "/usr/share/fonts/75dpi").
[ 13619.724] (==) FontPath set to:
	/usr/share/fonts/misc
[ 13619.724] (==) ModulePath set to "/usr/lib64/xorg/modules"
[ 13619.724] (II) The server relies on udev to provide the list of input devices.
	If no devices become available, reconfigure udev or disable AutoAddDevices.
[ 13619.724] (II) Module ABI versions:
[ 13619.724] 	X.Org ANSI C Emulation: 0.4
[ 13619.724] 	X.Org Video Driver: 25.2
[ 13619.724] 	X.Org XInput driver : 24.4
[ 13619.724] 	X.Org Server Extension : 10.0
[ 13619.725] (++) using VT number 1

[ 13619.726] (II) systemd-logind: took control of session /org/freedesktop/login1/session/_31
[ 13619.726] (II) xfree86: Adding drm device (/dev/dri/card0)
[ 13619.726] (II) Platform probe for /sys/devices/pci0000:00/0000:00:02.0/drm/card0
[ 13619.726] (II) systemd-logind: got fd for /dev/dri/card0 226:0 fd 10 paused 0
[ 13619.726] (II) xfree86: Adding drm device (/dev/dri/card1)
[ 13619.726] (II) Platform probe for /sys/devices/pci0000:00/0000:00:1d.0/0000:3c:00.0/drm/card1
[ 13619.727] (II) systemd-logind: got fd for /dev/dri/card1 226:1 fd 11 paused 0
[ 13619.728] (--) PCI:*(0@0:2:0) 8086:3ea0:17aa:2283 rev 2, Mem @ 0xb2000000/16777216, 0x80000000/536870912, I/O @ 0x00003000/64, BIOS @ 0x????????/131072
[ 13619.728] (--) PCI: (60@0:0:0) 10de:1d13:17aa:2283 rev 161, Mem @ 0xb3000000/16777216, 0xa0000000/268435456, 0xb0000000/33554432, I/O @ 0x00002000/128
[ 13619.728] (II) LoadModule: "glx"
[ 13619.728] (II) Loading /usr/lib64/xorg/modules/extensions/libglx.so
[ 13619.729] (II) Module glx: vendor="X.Org Foundation"
[ 13619.729] 	compiled for 1.21.1.4, module version = 1.0.0
[ 13619.729] 	ABI class: X.Org Server Extension, version 10.0
[ 13619.729] (II) LoadModule: "modesetting"
[ 13619.729] (II) Loading /usr/lib64/xorg/modules/drivers/modesetting_drv.so
[ 13619.729] (II) Module modesetting: vendor="X.Org Foundation"
[ 13619.729] 	compiled for 1.21.1.4, module version = 1.21.1
[ 13619.729] 	Module class: X.Org Video Driver
[ 13619.729] 	ABI class: X.Org Video Driver, version 25.2
[ 13619.729] (II) modesetting: Driver for Modesetting Kernel Drivers: kms
[ 13619.729] (II) modeset(0): using drv /dev/dri/card0
[ 13619.729] (WW) VGA arbiter: cannot open kernel arbiter, no multi-card support
[ 13619.729] (II) modeset(0): Creating default Display subsection in Screen section
	"Default Screen Section" for depth/fbbpp 24/32
[ 13619.729] (==) modeset(0): Depth 24, (==) framebuffer bpp 32
[ 13619.729] (**) modeset(0): Option "AccelMethod" "glamor"
[ 13619.729] (==) modeset(0): RGB weight 888
[ 13619.729] (==) modeset(0): Default visual is TrueColor
[ 13619.729] (II) Loading sub module "glamoregl"
[ 13619.729] (II) LoadModule: "glamoregl"
[ 13619.729] (II) Loading /usr/lib64/xorg/modules/libglamoregl.so
[ 13619.730] (II) Module glamoregl: vendor="X.Org Foundation"
[ 13619.730] 	compiled for 1.21.1.4, module version = 1.0.1
[ 13619.730] 	ABI class: X.Org ANSI C Emulation, version 0.4
[ 13619.750] (II) modeset(0): glamor X acceleration enabled on Mesa Intel(R) UHD Graphics 620 (WHL GT2)
[ 13619.750] (II) modeset(0): glamor initialized
[ 13619.750] (==) modeset(0): VariableRefresh: disabled
[ 13619.750] (==) modeset(0): AsyncFlipSecondaries: disabled
[ 13619.751] (II) modeset(0): Output eDP-1 has no monitor section
[ 13619.751] (II) modeset(0): Output DP-1 has no monitor section
[ 13619.781] (II) modeset(0): Output HDMI-1 has no monitor section
[ 13619.781] (II) modeset(0): Output DP-2 has no monitor section
[ 13619.787] (II) modeset(0): Output HDMI-2 has no monitor section
[ 13619.788] (II) modeset(0): EDID for output eDP-1
[ 13619.788] (II) modeset(0): Manufacturer: BOE  Model: 809  Serial#: 0
[ 13619.788] (II) modeset(0): Year: 2018  Week: 30
[ 13619.788] (II) modeset(0): EDID Version: 1.4
[ 13619.788] (II) modeset(0): Digital Display Input
[ 13619.788] (II) modeset(0): 10 bits per channel
[ 13619.788] (II) modeset(0): Digital interface is DisplayPort
[ 13619.788] (II) modeset(0): Max Image Size [cm]: horiz.: 35  vert.: 19
[ 13619.788] (II) modeset(0): Gamma: 2.20
[ 13619.788] (II) modeset(0): No DPMS capabilities specified
[ 13619.788] (II) modeset(0): Supported color encodings: RGB 4:4:4 
[ 13619.788] (II) modeset(0): First detailed timing is preferred mode
[ 13619.788] (II) modeset(0): Preferred mode is native pixel format and refresh rate
[ 13619.788] (II) modeset(0): redX: 0.640 redY: 0.329   greenX: 0.210 greenY: 0.710
[ 13619.788] (II) modeset(0): blueX: 0.149 blueY: 0.060   whiteX: 0.312 whiteY: 0.328
[ 13619.788] (II) modeset(0): Manufacturer's mask: 0
[ 13619.788] (II) modeset(0): Supported detailed timing:
[ 13619.788] (II) modeset(0): clock: 533.3 MHz   Image Size:  344 x 194 mm
[ 13619.788] (II) modeset(0): h_active: 3840  h_sync: 3888  h_sync_end 3920 h_blank_end 4000 h_border: 0
[ 13619.788] (II) modeset(0): v_active: 2160  v_sync: 2163  v_sync_end 2168 v_blanking: 2222 v_border: 0
[ 13619.788] (II) modeset(0): Supported detailed timing:
[ 13619.788] (II) modeset(0): clock: 426.6 MHz   Image Size:  344 x 194 mm
[ 13619.788] (II) modeset(0): h_active: 3840  h_sync: 3888  h_sync_end 3920 h_blank_end 4000 h_border: 0
[ 13619.788] (II) modeset(0): v_active: 2160  v_sync: 2163  v_sync_end 2168 v_blanking: 2222 v_border: 0
[ 13619.788] (II) modeset(0):  BOE HF
[ 13619.788] (II) modeset(0):  NE156QUM-N66
[ 13619.788] (II) modeset(0): Number of EDID sections to follow: 1
[ 13619.788] (II) modeset(0): EDID (in hex):
[ 13619.788] (II) modeset(0): 	00ffffffffffff0009e5090800000000
[ 13619.788] (II) modeset(0): 	1e1c0104b523137802df50a35435b526
[ 13619.788] (II) modeset(0): 	0f505400000001010101010101010101
[ 13619.788] (II) modeset(0): 	01010101010150d000a0f0703e803020
[ 13619.788] (II) modeset(0): 	350058c21000001aa6a600a0f0703e80
[ 13619.788] (II) modeset(0): 	3020350058c21000001a000000fe0042
[ 13619.788] (II) modeset(0): 	4f452048460a202020202020000000fe
[ 13619.788] (II) modeset(0): 	004e4531353651554d2d4e36360a0192
[ 13619.788] (II) modeset(0): 	02030f00e3058000e606050160602800
[ 13619.788] (II) modeset(0): 	00000000000000000000000000000000
[ 13619.788] (II) modeset(0): 	00000000000000000000000000000000
[ 13619.788] (II) modeset(0): 	00000000000000000000000000000000
[ 13619.788] (II) modeset(0): 	00000000000000000000000000000000
[ 13619.788] (II) modeset(0): 	00000000000000000000000000000000
[ 13619.788] (II) modeset(0): 	00000000000000000000000000000000
[ 13619.788] (II) modeset(0): 	000000000000000000000000000000aa
[ 13619.789] (II) modeset(0): Printing probed modes for output eDP-1
[ 13619.789] (II) modeset(0): Modeline "3840x2160"x60.0  533.28  3840 3888 3920 4000  2160 2163 2168 2222 +hsync -vsync (133.3 kHz eP)
[ 13619.789] (II) modeset(0): Modeline "3840x2160"x60.0  712.75  3840 4160 4576 5312  2160 2163 2168 2237 -hsync +vsync (134.2 kHz d)
[ 13619.789] (II) modeset(0): Modeline "3840x2160"x60.0  533.00  3840 3888 3920 4000  2160 2163 2168 2222 +hsync -vsync (133.2 kHz d)
[ 13619.789] (II) modeset(0): Modeline "3840x2160"x48.0  426.62  3840 3888 3920 4000  2160 2163 2168 2222 +hsync -vsync (106.7 kHz e)
[ 13619.789] (II) modeset(0): Modeline "3200x1800"x60.0  492.00  3200 3456 3800 4400  1800 1803 1808 1865 -hsync +vsync (111.8 kHz d)
[ 13619.789] (II) modeset(0): Modeline "3200x1800"x59.9  373.00  3200 3248 3280 3360  1800 1803 1808 1852 +hsync -vsync (111.0 kHz d)
[ 13619.789] (II) modeset(0): Modeline "2880x1620"x60.0  396.25  2880 3096 3408 3936  1620 1623 1628 1679 -hsync +vsync (100.7 kHz d)
[ 13619.789] (II) modeset(0): Modeline "2880x1620"x60.0  303.75  2880 2928 2960 3040  1620 1623 1628 1666 +hsync -vsync (99.9 kHz d)
[ 13619.789] (II) modeset(0): Modeline "2560x1600"x60.0  348.50  2560 2760 3032 3504  1600 1603 1609 1658 -hsync +vsync (99.5 kHz d)
[ 13619.789] (II) modeset(0): Modeline "2560x1600"x60.0  268.50  2560 2608 2640 2720  1600 1603 1609 1646 +hsync -vsync (98.7 kHz d)
[ 13619.789] (II) modeset(0): Modeline "2560x1440"x120.0  638.25  2560 2780 3064 3568  1440 1441 1444 1491 doublescan -hsync +vsync (178.9 kHz d)
[ 13619.789] (II) modeset(0): Modeline "2560x1440"x120.0  469.12  2560 2584 2600 2640  1440 1441 1444 1481 doublescan +hsync -vsync (177.7 kHz d)
[ 13619.789] (II) modeset(0): Modeline "2560x1440"x60.0  312.25  2560 2752 3024 3488  1440 1443 1448 1493 -hsync +vsync (89.5 kHz d)
[ 13619.789] (II) modeset(0): Modeline "2560x1440"x60.0  241.50  2560 2608 2640 2720  1440 1443 1448 1481 +hsync -vsync (88.8 kHz d)
[ 13619.789] (II) modeset(0): Modeline "2048x1536"x60.0  266.95  2048 2200 2424 2800  1536 1537 1540 1589 -hsync +vsync (95.3 kHz d)
[ 13619.789] (II) modeset(0): Modeline "1920x1440"x60.0  234.00  1920 2048 2256 2600  1440 1441 1444 1500 -hsync +vsync (90.0 kHz d)
[ 13619.789] (II) modeset(0): Modeline "1856x1392"x60.0  218.30  1856 1952 2176 2528  1392 1393 1396 1439 -hsync +vsync (86.4 kHz d)
[ 13619.789] (II) modeset(0): Modeline "1792x1344"x60.0  204.80  1792 1920 2120 2448  1344 1345 1348 1394 -hsync +vsync (83.7 kHz d)
[ 13619.789] (II) modeset(0): Modeline "2048x1152"x120.0  406.50  2048 2220 2444 2840  1152 1153 1156 1193 doublescan -hsync +vsync (143.1 kHz d)
[ 13619.789] (II) modeset(0): Modeline "2048x1152"x120.0  302.50  2048 2072 2088 2128  1152 1153 1156 1185 doublescan +hsync -vsync (142.2 kHz d)
[ 13619.789] (II) modeset(0): Modeline "2048x1152"x59.9  197.00  2048 2184 2400 2752  1152 1155 1160 1195 -hsync +vsync (71.6 kHz d)
[ 13619.789] (II) modeset(0): Modeline "2048x1152"x59.9  156.75  2048 2096 2128 2208  1152 1155 1160 1185 +hsync -vsync (71.0 kHz d)
[ 13619.789] (II) modeset(0): Modeline "1920x1200"x59.9  193.25  1920 2056 2256 2592  1200 1203 1209 1245 -hsync +vsync (74.6 kHz d)
[ 13619.789] (II) modeset(0): Modeline "1920x1200"x60.0  154.00  1920 1968 2000 2080  1200 1203 1209 1235 +hsync -vsync (74.0 kHz d)
[ 13619.789] (II) modeset(0): Modeline "1920x1080"x120.0  356.38  1920 2080 2288 2656  1080 1081 1084 1118 doublescan -hsync +vsync (134.2 kHz d)
[ 13619.789] (II) modeset(0): Modeline "1920x1080"x119.9  266.50  1920 1944 1960 2000  1080 1081 1084 1111 doublescan +hsync -vsync (133.2 kHz d)
[ 13619.789] (II) modeset(0): Modeline "1920x1080"x60.0  173.00  1920 2048 2248 2576  1080 1083 1088 1120 -hsync +vsync (67.2 kHz d)
[ 13619.789] (II) modeset(0): Modeline "1920x1080"x59.9  138.50  1920 1968 2000 2080  1080 1083 1088 1111 +hsync -vsync (66.6 kHz d)
[ 13619.789] (II) modeset(0): Modeline "1600x1200"x60.0  162.00  1600 1664 1856 2160  1200 1201 1204 1250 +hsync +vsync (75.0 kHz d)
[ 13619.789] (II) modeset(0): Modeline "1680x1050"x60.0  146.25  1680 1784 1960 2240  1050 1053 1059 1089 -hsync +vsync (65.3 kHz d)
[ 13619.789] (II) modeset(0): Modeline "1680x1050"x59.9  119.00  1680 1728 1760 1840  1050 1053 1059 1080 +hsync -vsync (64.7 kHz d)
[ 13619.789] (II) modeset(0): Modeline "1400x1050"x60.0  122.00  1400 1488 1640 1880  1050 1052 1064 1082 +hsync +vsync (64.9 kHz d)
[ 13619.789] (II) modeset(0): Modeline "1600x900"x120.0  246.00  1600 1728 1900 2200  900 901 904 932 doublescan -hsync +vsync (111.8 kHz d)
[ 13619.789] (II) modeset(0): Modeline "1600x900"x119.9  186.50  1600 1624 1640 1680  900 901 904 926 doublescan +hsync -vsync (111.0 kHz d)
[ 13619.789] (II) modeset(0): Modeline "1600x900"x59.9  118.25  1600 1696 1856 2112  900 903 908 934 -hsync +vsync (56.0 kHz d)
[ 13619.789] (II) modeset(0): Modeline "1600x900"x59.8   97.50  1600 1648 1680 1760  900 903 908 926 +hsync -vsync (55.4 kHz d)
[ 13619.789] (II) modeset(0): Modeline "1280x1024"x60.0  108.00  1280 1328 1440 1688  1024 1025 1028 1066 +hsync +vsync (64.0 kHz d)
[ 13619.789] (II) modeset(0): Modeline "1400x900"x60.0  103.50  1400 1480 1624 1848  900 903 913 934 -hsync +vsync (56.0 kHz d)
[ 13619.789] (II) modeset(0): Modeline "1400x900"x59.9   86.50  1400 1448 1480 1560  900 903 913 926 +hsync -vsync (55.4 kHz d)
[ 13619.789] (II) modeset(0): Modeline "1280x960"x60.0  108.00  1280 1376 1488 1800  960 961 964 1000 +hsync +vsync (60.0 kHz d)
[ 13619.789] (II) modeset(0): Modeline "1440x810"x120.0  198.12  1440 1548 1704 1968  810 811 814 839 doublescan -hsync +vsync (100.7 kHz d)
[ 13619.789] (II) modeset(0): Modeline "1440x810"x119.9  151.88  1440 1464 1480 1520  810 811 814 833 doublescan +hsync -vsync (99.9 kHz d)
[ 13619.789] (II) modeset(0): Modeline "1368x768"x59.9   85.25  1368 1440 1576 1784  768 771 781 798 -hsync +vsync (47.8 kHz d)
[ 13619.789] (II) modeset(0): Modeline "1368x768"x59.9   72.25  1368 1416 1448 1528  768 771 781 790 +hsync -vsync (47.3 kHz d)
[ 13619.789] (II) modeset(0): Modeline "1280x800"x120.0  174.25  1280 1380 1516 1752  800 801 804 829 doublescan -hsync +vsync (99.5 kHz d)
[ 13619.789] (II) modeset(0): Modeline "1280x800"x119.9  134.25  1280 1304 1320 1360  800 801 804 823 doublescan +hsync -vsync (98.7 kHz d)
[ 13619.789] (II) modeset(0): Modeline "1280x800"x59.8   83.50  1280 1352 1480 1680  800 803 809 831 -hsync +vsync (49.7 kHz d)
[ 13619.789] (II) modeset(0): Modeline "1280x800"x59.9   71.00  1280 1328 1360 1440  800 803 809 823 +hsync -vsync (49.3 kHz d)
[ 13619.789] (II) modeset(0): Modeline "1280x720"x120.0  156.12  1280 1376 1512 1744  720 721 724 746 doublescan -hsync +vsync (89.5 kHz d)
[ 13619.789] (II) modeset(0): Modeline "1280x720"x120.0  120.75  1280 1304 1320 1360  720 721 724 740 doublescan +hsync -vsync (88.8 kHz d)
[ 13619.789] (II) modeset(0): Modeline "1280x720"x59.9   74.50  1280 1344 1472 1664  720 723 728 748 -hsync +vsync (44.8 kHz d)
[ 13619.789] (II) modeset(0): Modeline "1280x720"x59.7   63.75  1280 1328 1360 1440  720 723 728 741 +hsync -vsync (44.3 kHz d)
[ 13619.789] (II) modeset(0): Modeline "1024x768"x120.1  133.47  1024 1100 1212 1400  768 768 770 794 doublescan -hsync +vsync (95.3 kHz d)
[ 13619.789] (II) modeset(0): Modeline "1024x768"x60.0   65.00  1024 1048 1184 1344  768 771 777 806 -hsync -vsync (48.4 kHz d)
[ 13619.789] (II) modeset(0): Modeline "960x720"x120.0  117.00  960 1024 1128 1300  720 720 722 750 doublescan -hsync +vsync (90.0 kHz d)
[ 13619.789] (II) modeset(0): Modeline "928x696"x120.1  109.15  928 976 1088 1264  696 696 698 719 doublescan -hsync +vsync (86.4 kHz d)
[ 13619.789] (II) modeset(0): Modeline "896x672"x120.0  102.40  896 960 1060 1224  672 672 674 697 doublescan -hsync +vsync (83.7 kHz d)
[ 13619.789] (II) modeset(0): Modeline "1024x576"x119.9   98.50  1024 1092 1200 1376  576 577 580 597 doublescan -hsync +vsync (71.6 kHz d)
[ 13619.789] (II) modeset(0): Modeline "1024x576"x119.9   78.38  1024 1048 1064 1104  576 577 580 592 doublescan +hsync -vsync (71.0 kHz d)
[ 13619.789] (II) modeset(0): Modeline "1024x576"x59.9   46.50  1024 1064 1160 1296  576 579 584 599 -hsync +vsync (35.9 kHz d)
[ 13619.789] (II) modeset(0): Modeline "1024x576"x59.8   42.00  1024 1072 1104 1184  576 579 584 593 +hsync -vsync (35.5 kHz d)
[ 13619.789] (II) modeset(0): Modeline "960x600"x119.9   96.62  960 1028 1128 1296  600 601 604 622 doublescan -hsync +vsync (74.6 kHz d)
[ 13619.789] (II) modeset(0): Modeline "960x600"x120.0   77.00  960 984 1000 1040  600 601 604 617 doublescan +hsync -vsync (74.0 kHz d)
[ 13619.789] (II) modeset(0): Modeline "960x540"x119.9   86.50  960 1024 1124 1288  540 541 544 560 doublescan -hsync +vsync (67.2 kHz d)
[ 13619.789] (II) modeset(0): Modeline "960x540"x120.0   69.25  960 984 1000 1040  540 541 544 555 doublescan +hsync -vsync (66.6 kHz d)
[ 13619.789] (II) modeset(0): Modeline "960x540"x59.6   40.75  960 992 1088 1216  540 543 548 562 -hsync +vsync (33.5 kHz d)
[ 13619.789] (II) modeset(0): Modeline "960x540"x59.8   37.25  960 1008 1040 1120  540 543 548 556 +hsync -vsync (33.3 kHz d)
[ 13619.789] (II) modeset(0): Modeline "800x600"x120.0   81.00  800 832 928 1080  600 600 602 625 doublescan +hsync +vsync (75.0 kHz d)
[ 13619.789] (II) modeset(0): Modeline "800x600"x60.3   40.00  800 840 968 1056  600 601 605 628 +hsync +vsync (37.9 kHz d)
[ 13619.789] (II) modeset(0): Modeline "800x600"x56.2   36.00  800 824 896 1024  600 601 603 625 +hsync +vsync (35.2 kHz d)
[ 13619.789] (II) modeset(0): Modeline "840x525"x120.0   73.12  840 892 980 1120  525 526 529 544 doublescan -hsync +vsync (65.3 kHz d)
[ 13619.789] (II) modeset(0): Modeline "840x525"x119.8   59.50  840 864 880 920  525 526 529 540 doublescan +hsync -vsync (64.7 kHz d)
[ 13619.789] (II) modeset(0): Modeline "864x486"x59.9   32.50  864 888 968 1072  486 489 494 506 -hsync +vsync (30.3 kHz d)
[ 13619.789] (II) modeset(0): Modeline "864x486"x59.6   30.50  864 912 944 1024  486 489 494 500 +hsync -vsync (29.8 kHz d)
[ 13619.789] (II) modeset(0): Modeline "700x525"x120.0   61.00  700 744 820 940  525 526 532 541 doublescan +hsync +vsync (64.9 kHz d)
[ 13619.789] (II) modeset(0): Modeline "800x450"x119.9   59.12  800 848 928 1056  450 451 454 467 doublescan -hsync +vsync (56.0 kHz d)
[ 13619.789] (II) modeset(0): Modeline "800x450"x119.6   48.75  800 824 840 880  450 451 454 463 doublescan +hsync -vsync (55.4 kHz d)
[ 13619.789] (II) modeset(0): Modeline "640x512"x120.0   54.00  640 664 720 844  512 512 514 533 doublescan +hsync +vsync (64.0 kHz d)
[ 13619.789] (II) modeset(0): Modeline "700x450"x119.9   51.75  700 740 812 924  450 451 456 467 doublescan -hsync +vsync (56.0 kHz d)
[ 13619.789] (II) modeset(0): Modeline "700x450"x119.8   43.25  700 724 740 780  450 451 456 463 doublescan +hsync -vsync (55.4 kHz d)
[ 13619.789] (II) modeset(0): Modeline "640x480"x120.0   54.00  640 688 744 900  480 480 482 500 doublescan +hsync +vsync (60.0 kHz d)
[ 13619.789] (II) modeset(0): Modeline "640x480"x59.9   25.18  640 656 752 800  480 490 492 525 -hsync -vsync (31.5 kHz d)
[ 13619.789] (II) modeset(0): Modeline "720x405"x59.5   22.50  720 744 808 896  405 408 413 422 -hsync +vsync (25.1 kHz d)
[ 13619.789] (II) modeset(0): Modeline "720x405"x59.0   21.75  720 768 800 880  405 408 413 419 +hsync -vsync (24.7 kHz d)
[ 13619.789] (II) modeset(0): Modeline "684x384"x119.8   42.62  684 720 788 892  384 385 390 399 doublescan -hsync +vsync (47.8 kHz d)
[ 13619.789] (II) modeset(0): Modeline "684x384"x119.7   36.12  684 708 724 764  384 385 390 395 doublescan +hsync -vsync (47.3 kHz d)
[ 13619.789] (II) modeset(0): Modeline "640x400"x119.8   41.75  640 676 740 840  400 401 404 415 doublescan -hsync +vsync (49.7 kHz d)
[ 13619.789] (II) modeset(0): Modeline "640x400"x120.0   35.50  640 664 680 720  400 401 404 411 doublescan +hsync -vsync (49.3 kHz d)
[ 13619.789] (II) modeset(0): Modeline "640x360"x119.7   37.25  640 672 736 832  360 361 364 374 doublescan -hsync +vsync (44.8 kHz d)
[ 13619.789] (II) modeset(0): Modeline "640x360"x119.7   31.88  640 664 680 720  360 361 364 370 doublescan +hsync -vsync (44.3 kHz d)
[ 13619.789] (II) modeset(0): Modeline "640x360"x59.8   18.00  640 664 720 800  360 363 368 376 -hsync +vsync (22.5 kHz d)
[ 13619.789] (II) modeset(0): Modeline "640x360"x59.3   17.75  640 688 720 800  360 363 368 374 +hsync -vsync (22.2 kHz d)
[ 13619.789] (II) modeset(0): Modeline "512x384"x120.0   32.50  512 524 592 672  384 385 388 403 doublescan -hsync -vsync (48.4 kHz d)
[ 13619.789] (II) modeset(0): Modeline "512x288"x120.0   23.25  512 532 580 648  288 289 292 299 doublescan -hsync +vsync (35.9 kHz d)
[ 13619.789] (II) modeset(0): Modeline "512x288"x119.8   21.00  512 536 552 592  288 289 292 296 doublescan +hsync -vsync (35.5 kHz d)
[ 13619.789] (II) modeset(0): Modeline "480x270"x119.3   20.38  480 496 544 608  270 271 274 281 doublescan -hsync +vsync (33.5 kHz d)
[ 13619.789] (II) modeset(0): Modeline "480x270"x119.6   18.62  480 504 520 560  270 271 274 278 doublescan +hsync -vsync (33.3 kHz d)
[ 13619.789] (II) modeset(0): Modeline "400x300"x120.6   20.00  400 420 484 528  300 300 302 314 doublescan +hsync +vsync (37.9 kHz d)
[ 13619.789] (II) modeset(0): Modeline "400x300"x112.7   18.00  400 412 448 512  300 300 301 312 doublescan +hsync +vsync (35.2 kHz d)
[ 13619.789] (II) modeset(0): Modeline "432x243"x119.8   16.25  432 444 484 536  243 244 247 253 doublescan -hsync +vsync (30.3 kHz d)
[ 13619.789] (II) modeset(0): Modeline "432x243"x119.1   15.25  432 456 472 512  243 244 247 250 doublescan +hsync -vsync (29.8 kHz d)
[ 13619.789] (II) modeset(0): Modeline "320x240"x120.1   12.59  320 328 376 400  240 245 246 262 doublescan -hsync -vsync (31.5 kHz d)
[ 13619.789] (II) modeset(0): Modeline "360x202"x119.0   11.25  360 372 404 448  202 204 206 211 doublescan -hsync +vsync (25.1 kHz d)
[ 13619.789] (II) modeset(0): Modeline "360x202"x118.3   10.88  360 384 400 440  202 204 206 209 doublescan +hsync -vsync (24.7 kHz d)
[ 13619.789] (II) modeset(0): Modeline "320x180"x119.7    9.00  320 332 360 400  180 181 184 188 doublescan -hsync +vsync (22.5 kHz d)
[ 13619.789] (II) modeset(0): Modeline "320x180"x118.6    8.88  320 344 360 400  180 181 184 187 doublescan +hsync -vsync (22.2 kHz d)
[ 13619.789] (II) modeset(0): EDID for output DP-1
[ 13619.818] (II) modeset(0): EDID for output HDMI-1
[ 13619.818] (II) modeset(0): EDID for output DP-2
[ 13619.824] (II) modeset(0): EDID for output HDMI-2
[ 13619.824] (II) modeset(0): Output eDP-1 connected
[ 13619.824] (II) modeset(0): Output DP-1 disconnected
[ 13619.824] (II) modeset(0): Output HDMI-1 disconnected
[ 13619.824] (II) modeset(0): Output DP-2 disconnected
[ 13619.824] (II) modeset(0): Output HDMI-2 disconnected
[ 13619.824] (II) modeset(0): Using exact sizes for initial modes
[ 13619.824] (II) modeset(0): Output eDP-1 using initial mode 3840x2160 +0+0
[ 13619.824] (==) modeset(0): Using gamma correction (1.0, 1.0, 1.0)
[ 13619.824] (==) modeset(0): DPI set to (96, 96)
[ 13619.824] (II) Loading sub module "fb"
[ 13619.824] (II) LoadModule: "fb"
[ 13619.824] (II) Module "fb" already built-in
[ 13619.833] (==) modeset(0): Backing store enabled
[ 13619.833] (==) modeset(0): Silken mouse enabled
[ 13619.906] (II) modeset(0): Initializing kms color map for depth 24, 8 bpc.
[ 13619.907] (==) modeset(0): DPMS enabled
[ 13619.907] (WW) modeset(0): Option "DRI" is not used
[ 13619.907] (WW) modeset(0): Option "TearFree" is not used
[ 13619.907] (II) modeset(0): [DRI2] Setup complete
[ 13619.907] (II) modeset(0): [DRI2]   DRI driver: iris
[ 13619.907] (II) modeset(0): [DRI2]   VDPAU driver: va_gl
[ 13619.907] (II) Initializing extension Generic Event Extension
[ 13619.907] (II) Initializing extension SHAPE
[ 13619.907] (II) Initializing extension MIT-SHM
[ 13619.907] (II) Initializing extension XInputExtension
[ 13619.907] (II) Initializing extension XTEST
[ 13619.907] (II) Initializing extension BIG-REQUESTS
[ 13619.907] (II) Initializing extension SYNC
[ 13619.907] (II) Initializing extension XKEYBOARD
[ 13619.907] (II) Initializing extension XC-MISC
[ 13619.907] (II) Initializing extension XFIXES
[ 13619.907] (II) Initializing extension RENDER
[ 13619.907] (II) Initializing extension RANDR
[ 13619.907] (II) Initializing extension COMPOSITE
[ 13619.907] (II) Initializing extension DAMAGE
[ 13619.907] (II) Initializing extension MIT-SCREEN-SAVER
[ 13619.907] (II) Initializing extension DOUBLE-BUFFER
[ 13619.907] (II) Initializing extension RECORD
[ 13619.907] (II) Initializing extension DPMS
[ 13619.907] (II) Initializing extension Present
[ 13619.907] (II) Initializing extension DRI3
[ 13619.907] (II) Initializing extension X-Resource
[ 13619.907] (II) Initializing extension XVideo
[ 13619.907] (II) Initializing extension XVideo-MotionCompensation
[ 13619.907] (II) Initializing extension GLX
[ 13619.924] (II) AIGLX: Loaded and initialized iris
[ 13619.924] (II) GLX: Initialized DRI2 GL provider for screen 0
[ 13619.924] (II) Initializing extension XFree86-VidModeExtension
[ 13619.924] (II) Initializing extension XFree86-DGA
[ 13619.924] (II) Initializing extension XFree86-DRI
[ 13619.924] (II) Initializing extension DRI2
[ 13619.925] (II) modeset(0): Damage tracking initialized
[ 13619.925] (II) modeset(0): Setting screen physical size to 1016 x 571
[ 13619.961] (II) config/udev: Adding input device Power Button (/dev/input/event2)
[ 13619.961] (**) Power Button: Applying InputClass "libinput keyboard catchall"
[ 13619.961] (II) LoadModule: "libinput"
[ 13619.961] (II) Loading /usr/lib64/xorg/modules/input/libinput_drv.so
[ 13619.961] (II) Module libinput: vendor="X.Org Foundation"
[ 13619.961] 	compiled for 1.21.1.4, module version = 1.2.1
[ 13619.961] 	Module class: X.Org XInput Driver
[ 13619.961] 	ABI class: X.Org XInput driver, version 24.4
[ 13619.961] (II) Using input driver 'libinput' for 'Power Button'
[ 13619.961] (II) systemd-logind: got fd for /dev/input/event2 13:66 fd 27 paused 0
[ 13619.961] (**) Power Button: always reports core events
[ 13619.961] (**) Option "Device" "/dev/input/event2"
[ 13619.962] (II) event2  - Power Button: is tagged by udev as: Keyboard
[ 13619.962] (II) event2  - Power Button: device is a keyboard
[ 13619.962] (II) event2  - Power Button: device removed
[ 13619.962] (**) Option "config_info" "udev:/sys/devices/LNXSYSTM:00/LNXPWRBN:00/input/input2/event2"
[ 13619.962] (II) XINPUT: Adding extended input device "Power Button" (type: KEYBOARD, id 6)
[ 13619.963] (II) event2  - Power Button: is tagged by udev as: Keyboard
[ 13619.963] (II) event2  - Power Button: device is a keyboard
[ 13619.963] (II) config/udev: Adding input device Video Bus (/dev/input/event3)
[ 13619.963] (**) Video Bus: Applying InputClass "libinput keyboard catchall"
[ 13619.963] (II) Using input driver 'libinput' for 'Video Bus'
[ 13619.963] (II) systemd-logind: got fd for /dev/input/event3 13:67 fd 30 paused 0
[ 13619.964] (**) Video Bus: always reports core events
[ 13619.964] (**) Option "Device" "/dev/input/event3"
[ 13619.964] (II) event3  - Video Bus: is tagged by udev as: Keyboard
[ 13619.964] (II) event3  - Video Bus: device is a keyboard
[ 13619.964] (II) event3  - Video Bus: device removed
[ 13619.964] (**) Option "config_info" "udev:/sys/devices/LNXSYSTM:00/LNXSYBUS:00/PNP0A08:00/LNXVIDEO:00/input/input3/event3"
[ 13619.964] (II) XINPUT: Adding extended input device "Video Bus" (type: KEYBOARD, id 7)
[ 13619.964] (II) event3  - Video Bus: is tagged by udev as: Keyboard
[ 13619.964] (II) event3  - Video Bus: device is a keyboard
[ 13619.965] (II) config/udev: Adding input device Video Bus (/dev/input/event4)
[ 13619.965] (**) Video Bus: Applying InputClass "libinput keyboard catchall"
[ 13619.965] (II) Using input driver 'libinput' for 'Video Bus'
[ 13619.965] (II) systemd-logind: got fd for /dev/input/event4 13:68 fd 31 paused 0
[ 13619.965] (**) Video Bus: always reports core events
[ 13619.965] (**) Option "Device" "/dev/input/event4"
[ 13619.966] (II) event4  - Video Bus: is tagged by udev as: Keyboard
[ 13619.966] (II) event4  - Video Bus: device is a keyboard
[ 13619.966] (II) event4  - Video Bus: device removed
[ 13619.966] (**) Option "config_info" "udev:/sys/devices/LNXSYSTM:00/LNXSYBUS:00/PNP0A08:00/device:4c/LNXVIDEO:01/input/input4/event4"
[ 13619.966] (II) XINPUT: Adding extended input device "Video Bus" (type: KEYBOARD, id 8)
[ 13619.966] (II) event4  - Video Bus: is tagged by udev as: Keyboard
[ 13619.966] (II) event4  - Video Bus: device is a keyboard
[ 13619.966] (II) config/udev: Adding input device Lid Switch (/dev/input/event1)
[ 13619.966] (II) No input driver specified, ignoring this device.
[ 13619.966] (II) This device may have been added with another device file.
[ 13619.967] (II) config/udev: Adding input device Sleep Button (/dev/input/event0)
[ 13619.967] (**) Sleep Button: Applying InputClass "libinput keyboard catchall"
[ 13619.967] (II) Using input driver 'libinput' for 'Sleep Button'
[ 13619.967] (II) systemd-logind: got fd for /dev/input/event0 13:64 fd 32 paused 0
[ 13619.967] (**) Sleep Button: always reports core events
[ 13619.967] (**) Option "Device" "/dev/input/event0"
[ 13619.968] (II) event0  - Sleep Button: is tagged by udev as: Keyboard
[ 13619.968] (II) event0  - Sleep Button: device is a keyboard
[ 13619.968] (II) event0  - Sleep Button: device removed
[ 13619.968] (**) Option "config_info" "udev:/sys/devices/LNXSYSTM:00/LNXSYBUS:00/PNP0C0E:00/input/input0/event0"
[ 13619.968] (II) XINPUT: Adding extended input device "Sleep Button" (type: KEYBOARD, id 9)
[ 13619.968] (II) event0  - Sleep Button: is tagged by udev as: Keyboard
[ 13619.968] (II) event0  - Sleep Button: device is a keyboard
[ 13619.969] (II) config/udev: Adding input device HDA Intel PCH HDMI/DP,pcm=3 (/dev/input/event8)
[ 13619.969] (II) No input driver specified, ignoring this device.
[ 13619.969] (II) This device may have been added with another device file.
[ 13619.969] (II) config/udev: Adding input device HDA Intel PCH HDMI/DP,pcm=7 (/dev/input/event9)
[ 13619.969] (II) No input driver specified, ignoring this device.
[ 13619.969] (II) This device may have been added with another device file.
[ 13619.969] (II) config/udev: Adding input device HDA Intel PCH HDMI/DP,pcm=8 (/dev/input/event10)
[ 13619.969] (II) No input driver specified, ignoring this device.
[ 13619.969] (II) This device may have been added with another device file.
[ 13619.969] (II) config/udev: Adding input device HDA Intel PCH HDMI/DP,pcm=9 (/dev/input/event11)
[ 13619.969] (II) No input driver specified, ignoring this device.
[ 13619.969] (II) This device may have been added with another device file.
[ 13619.969] (II) config/udev: Adding input device HDA Intel PCH HDMI/DP,pcm=10 (/dev/input/event12)
[ 13619.969] (II) No input driver specified, ignoring this device.
[ 13619.969] (II) This device may have been added with another device file.
[ 13619.969] (II) config/udev: Adding input device HDA Intel PCH Mic (/dev/input/event6)
[ 13619.969] (II) No input driver specified, ignoring this device.
[ 13619.969] (II) This device may have been added with another device file.
[ 13619.970] (II) config/udev: Adding input device HDA Intel PCH Headphone (/dev/input/event7)
[ 13619.970] (II) No input driver specified, ignoring this device.
[ 13619.970] (II) This device may have been added with another device file.
[ 13619.970] (II) config/udev: Adding input device AT Translated Set 2 keyboard (/dev/input/event5)
[ 13619.970] (**) AT Translated Set 2 keyboard: Applying InputClass "libinput keyboard catchall"
[ 13619.970] (II) Using input driver 'libinput' for 'AT Translated Set 2 keyboard'
[ 13619.970] (II) systemd-logind: got fd for /dev/input/event5 13:69 fd 33 paused 0
[ 13619.970] (**) AT Translated Set 2 keyboard: always reports core events
[ 13619.970] (**) Option "Device" "/dev/input/event5"
[ 13619.970] (II) event5  - AT Translated Set 2 keyboard: is tagged by udev as: Keyboard
[ 13619.970] (II) event5  - AT Translated Set 2 keyboard: device is a keyboard
[ 13619.971] (II) event5  - AT Translated Set 2 keyboard: device removed
[ 13619.971] (**) Option "config_info" "udev:/sys/devices/platform/i8042/serio0/input/input5/event5"
[ 13619.971] (II) XINPUT: Adding extended input device "AT Translated Set 2 keyboard" (type: KEYBOARD, id 10)
[ 13619.971] (II) event5  - AT Translated Set 2 keyboard: is tagged by udev as: Keyboard
[ 13619.971] (II) event5  - AT Translated Set 2 keyboard: device is a keyboard
[ 13619.972] (II) config/udev: Adding input device SynPS/2 Synaptics TouchPad (/dev/input/event13)
[ 13619.972] (**) SynPS/2 Synaptics TouchPad: Applying InputClass "libinput touchpad catchall"
[ 13619.972] (**) SynPS/2 Synaptics TouchPad: Applying InputClass "touchpad catchall"
[ 13619.972] (**) SynPS/2 Synaptics TouchPad: Applying InputClass "Default clickpad buttons"
[ 13619.972] (II) LoadModule: "synaptics"
[ 13619.972] (II) Loading /usr/lib64/xorg/modules/input/synaptics_drv.so
[ 13619.972] (II) Module synaptics: vendor="X.Org Foundation"
[ 13619.972] 	compiled for 1.21.1.4, module version = 1.9.2
[ 13619.972] 	Module class: X.Org XInput Driver
[ 13619.972] 	ABI class: X.Org XInput driver, version 24.4
[ 13619.972] (II) Using input driver 'synaptics' for 'SynPS/2 Synaptics TouchPad'
[ 13619.972] (II) systemd-logind: got fd for /dev/input/event13 13:77 fd 34 paused 0
[ 13619.972] (**) SynPS/2 Synaptics TouchPad: always reports core events
[ 13619.972] (**) Option "Device" "/dev/input/event13"
[ 13619.972] (II) synaptics: SynPS/2 Synaptics TouchPad: found clickpad property
[ 13619.972] (--) synaptics: SynPS/2 Synaptics TouchPad: x-axis range 1266 - 5678 (res 0)
[ 13619.972] (--) synaptics: SynPS/2 Synaptics TouchPad: y-axis range 1162 - 4694 (res 0)
[ 13619.972] (--) synaptics: SynPS/2 Synaptics TouchPad: pressure range 0 - 255
[ 13619.972] (--) synaptics: SynPS/2 Synaptics TouchPad: finger width range 0 - 15
[ 13619.972] (--) synaptics: SynPS/2 Synaptics TouchPad: buttons: left double triple
[ 13619.972] (--) synaptics: SynPS/2 Synaptics TouchPad: Vendor 0x2 Product 0x7
[ 13619.972] (**) Option "SoftButtonAreas" "50% 0 82% 0 0 0 0 0"
[ 13619.972] (--) synaptics: SynPS/2 Synaptics TouchPad: touchpad found
[ 13619.972] (**) SynPS/2 Synaptics TouchPad: always reports core events
[ 13619.972] (**) Option "config_info" "udev:/sys/devices/platform/i8042/serio1/input/input7/event13"
[ 13619.972] (II) XINPUT: Adding extended input device "SynPS/2 Synaptics TouchPad" (type: TOUCHPAD, id 11)
[ 13619.972] (**) synaptics: SynPS/2 Synaptics TouchPad: (accel) MinSpeed is now constant deceleration 2.5
[ 13619.972] (**) synaptics: SynPS/2 Synaptics TouchPad: (accel) MaxSpeed is now 1.75
[ 13619.972] (**) synaptics: SynPS/2 Synaptics TouchPad: (accel) AccelFactor is now 0.035
[ 13619.972] (**) SynPS/2 Synaptics TouchPad: (accel) keeping acceleration scheme 1
[ 13619.972] (**) SynPS/2 Synaptics TouchPad: (accel) acceleration profile 1
[ 13619.972] (**) SynPS/2 Synaptics TouchPad: (accel) acceleration factor: 2.000
[ 13619.972] (**) SynPS/2 Synaptics TouchPad: (accel) acceleration threshold: 4
[ 13619.972] (--) synaptics: SynPS/2 Synaptics TouchPad: touchpad found
[ 13619.973] (II) config/udev: Adding input device TPPS/2 Elan TrackPoint (/dev/input/event14)
[ 13619.973] (**) TPPS/2 Elan TrackPoint: Applying InputClass "libinput pointer catchall"
[ 13619.973] (II) Using input driver 'libinput' for 'TPPS/2 Elan TrackPoint'
[ 13619.973] (II) systemd-logind: got fd for /dev/input/event14 13:78 fd 35 paused 0
[ 13619.973] (**) TPPS/2 Elan TrackPoint: always reports core events
[ 13619.973] (**) Option "Device" "/dev/input/event14"
[ 13619.973] (II) event14 - TPPS/2 Elan TrackPoint: is tagged by udev as: Mouse Pointingstick
[ 13619.974] (II) event14 - TPPS/2 Elan TrackPoint: device is a pointer
[ 13619.974] (II) event14 - TPPS/2 Elan TrackPoint: device removed
[ 13619.974] (**) Option "config_info" "udev:/sys/devices/platform/i8042/serio1/serio2/input/input15/event14"
[ 13619.974] (II) XINPUT: Adding extended input device "TPPS/2 Elan TrackPoint" (type: MOUSE, id 12)
[ 13619.974] (**) Option "AccelerationScheme" "none"
[ 13619.974] (**) TPPS/2 Elan TrackPoint: (accel) selected scheme none/0
[ 13619.974] (**) TPPS/2 Elan TrackPoint: (accel) acceleration factor: 2.000
[ 13619.974] (**) TPPS/2 Elan TrackPoint: (accel) acceleration threshold: 4
[ 13619.975] (II) event14 - TPPS/2 Elan TrackPoint: is tagged by udev as: Mouse Pointingstick
[ 13619.975] (II) event14 - TPPS/2 Elan TrackPoint: device is a pointer
