[2022-10-29 17:02:44.445] [error] TypeError: Object has been destroyed
    at WindowMain.<anonymous> (/opt/Bitwarden/resources/app.asar/main.js:49157:36)
    at Generator.next (<anonymous>)
    at /opt/Bitwarden/resources/app.asar/main.js:48971:71
    at new Promise (<anonymous>)
    at window_main_awaiter (/opt/Bitwarden/resources/app.asar/main.js:48967:12)
    at WindowMain.updateWindowState (/opt/Bitwarden/resources/app.asar/main.js:49152:16)
    at WindowMain.<anonymous> (/opt/Bitwarden/resources/app.asar/main.js:49106:28)
    at Generator.next (<anonymous>)
    at /opt/Bitwarden/resources/app.asar/main.js:48971:71
    at new Promise (<anonymous>)
[2022-10-31 13:51:43.970] [error] TypeError: Object has been destroyed
    at WindowMain.<anonymous> (/opt/Bitwarden/resources/app.asar/main.js:49157:36)
    at Generator.next (<anonymous>)
    at /opt/Bitwarden/resources/app.asar/main.js:48971:71
    at new Promise (<anonymous>)
    at window_main_awaiter (/opt/Bitwarden/resources/app.asar/main.js:48967:12)
    at WindowMain.updateWindowState (/opt/Bitwarden/resources/app.asar/main.js:49152:16)
    at WindowMain.<anonymous> (/opt/Bitwarden/resources/app.asar/main.js:49106:28)
    at Generator.next (<anonymous>)
    at /opt/Bitwarden/resources/app.asar/main.js:48971:71
    at new Promise (<anonymous>)
[2022-10-31 15:20:59.654] [error] TypeError: Object has been destroyed
    at WindowMain.<anonymous> (/opt/Bitwarden/resources/app.asar/main.js:49157:36)
    at Generator.next (<anonymous>)
    at /opt/Bitwarden/resources/app.asar/main.js:48971:71
    at new Promise (<anonymous>)
    at window_main_awaiter (/opt/Bitwarden/resources/app.asar/main.js:48967:12)
    at WindowMain.updateWindowState (/opt/Bitwarden/resources/app.asar/main.js:49152:16)
    at WindowMain.<anonymous> (/opt/Bitwarden/resources/app.asar/main.js:49106:28)
    at Generator.next (<anonymous>)
    at /opt/Bitwarden/resources/app.asar/main.js:48971:71
    at new Promise (<anonymous>)
[2022-10-31 18:30:16.888] [error] TypeError: Object has been destroyed
    at WindowMain.<anonymous> (/opt/Bitwarden/resources/app.asar/main.js:49157:36)
    at Generator.next (<anonymous>)
    at /opt/Bitwarden/resources/app.asar/main.js:48971:71
    at new Promise (<anonymous>)
    at window_main_awaiter (/opt/Bitwarden/resources/app.asar/main.js:48967:12)
    at WindowMain.updateWindowState (/opt/Bitwarden/resources/app.asar/main.js:49152:16)
    at WindowMain.<anonymous> (/opt/Bitwarden/resources/app.asar/main.js:49106:28)
    at Generator.next (<anonymous>)
    at /opt/Bitwarden/resources/app.asar/main.js:48971:71
    at new Promise (<anonymous>)
[2022-11-01 08:54:29.315] [error] TypeError: Object has been destroyed
    at WindowMain.<anonymous> (/opt/Bitwarden/resources/app.asar/main.js:49157:36)
    at Generator.next (<anonymous>)
    at /opt/Bitwarden/resources/app.asar/main.js:48971:71
    at new Promise (<anonymous>)
    at window_main_awaiter (/opt/Bitwarden/resources/app.asar/main.js:48967:12)
    at WindowMain.updateWindowState (/opt/Bitwarden/resources/app.asar/main.js:49152:16)
    at WindowMain.<anonymous> (/opt/Bitwarden/resources/app.asar/main.js:49106:28)
    at Generator.next (<anonymous>)
    at /opt/Bitwarden/resources/app.asar/main.js:48971:71
    at new Promise (<anonymous>)
[2022-11-06 14:35:33.266] [error] TypeError: Object has been destroyed
    at WindowMain.<anonymous> (/opt/Bitwarden/resources/app.asar/main.js:49157:36)
    at Generator.next (<anonymous>)
    at /opt/Bitwarden/resources/app.asar/main.js:48971:71
    at new Promise (<anonymous>)
    at window_main_awaiter (/opt/Bitwarden/resources/app.asar/main.js:48967:12)
    at WindowMain.updateWindowState (/opt/Bitwarden/resources/app.asar/main.js:49152:16)
    at WindowMain.<anonymous> (/opt/Bitwarden/resources/app.asar/main.js:49106:28)
    at Generator.next (<anonymous>)
    at /opt/Bitwarden/resources/app.asar/main.js:48971:71
    at new Promise (<anonymous>)
[2022-11-09 09:52:31.329] [error] TypeError: Object has been destroyed
    at WindowMain.<anonymous> (/opt/Bitwarden/resources/app.asar/main.js:49157:36)
    at Generator.next (<anonymous>)
    at /opt/Bitwarden/resources/app.asar/main.js:48971:71
    at new Promise (<anonymous>)
    at window_main_awaiter (/opt/Bitwarden/resources/app.asar/main.js:48967:12)
    at WindowMain.updateWindowState (/opt/Bitwarden/resources/app.asar/main.js:49152:16)
    at WindowMain.<anonymous> (/opt/Bitwarden/resources/app.asar/main.js:49106:28)
    at Generator.next (<anonymous>)
    at /opt/Bitwarden/resources/app.asar/main.js:48971:71
    at new Promise (<anonymous>)
[2022-11-10 10:57:18.609] [error] TypeError: Object has been destroyed
    at WindowMain.<anonymous> (/opt/Bitwarden/resources/app.asar/main.js:49157:36)
    at Generator.next (<anonymous>)
    at /opt/Bitwarden/resources/app.asar/main.js:48971:71
    at new Promise (<anonymous>)
    at window_main_awaiter (/opt/Bitwarden/resources/app.asar/main.js:48967:12)
    at WindowMain.updateWindowState (/opt/Bitwarden/resources/app.asar/main.js:49152:16)
    at WindowMain.<anonymous> (/opt/Bitwarden/resources/app.asar/main.js:49106:28)
    at Generator.next (<anonymous>)
    at /opt/Bitwarden/resources/app.asar/main.js:48971:71
    at new Promise (<anonymous>)
[2022-11-20 16:45:07.398] [error] TypeError: Object has been destroyed
    at WindowMain.<anonymous> (/opt/Bitwarden/resources/app.asar/main.js:49157:36)
    at Generator.next (<anonymous>)
    at /opt/Bitwarden/resources/app.asar/main.js:48971:71
    at new Promise (<anonymous>)
    at window_main_awaiter (/opt/Bitwarden/resources/app.asar/main.js:48967:12)
    at WindowMain.updateWindowState (/opt/Bitwarden/resources/app.asar/main.js:49152:16)
    at WindowMain.<anonymous> (/opt/Bitwarden/resources/app.asar/main.js:49106:28)
    at Generator.next (<anonymous>)
    at /opt/Bitwarden/resources/app.asar/main.js:48971:71
    at new Promise (<anonymous>)
[2022-11-27 17:43:21.189] [error] TypeError: Object has been destroyed
    at WindowMain.<anonymous> (/opt/Bitwarden/resources/app.asar/main.js:49157:36)
    at Generator.next (<anonymous>)
    at /opt/Bitwarden/resources/app.asar/main.js:48971:71
    at new Promise (<anonymous>)
    at window_main_awaiter (/opt/Bitwarden/resources/app.asar/main.js:48967:12)
    at WindowMain.updateWindowState (/opt/Bitwarden/resources/app.asar/main.js:49152:16)
    at WindowMain.<anonymous> (/opt/Bitwarden/resources/app.asar/main.js:49106:28)
    at Generator.next (<anonymous>)
    at /opt/Bitwarden/resources/app.asar/main.js:48971:71
    at new Promise (<anonymous>)
[2022-11-27 17:45:32.980] [error] TypeError: Object has been destroyed
    at WindowMain.<anonymous> (/opt/Bitwarden/resources/app.asar/main.js:49157:36)
    at Generator.next (<anonymous>)
    at /opt/Bitwarden/resources/app.asar/main.js:48971:71
    at new Promise (<anonymous>)
    at window_main_awaiter (/opt/Bitwarden/resources/app.asar/main.js:48967:12)
    at WindowMain.updateWindowState (/opt/Bitwarden/resources/app.asar/main.js:49152:16)
    at WindowMain.<anonymous> (/opt/Bitwarden/resources/app.asar/main.js:49106:28)
    at Generator.next (<anonymous>)
    at /opt/Bitwarden/resources/app.asar/main.js:48971:71
    at new Promise (<anonymous>)
[2022-11-28 11:07:14.321] [error] TypeError: Object has been destroyed
    at WindowMain.<anonymous> (/opt/Bitwarden/resources/app.asar/main.js:49157:36)
    at Generator.next (<anonymous>)
    at /opt/Bitwarden/resources/app.asar/main.js:48971:71
    at new Promise (<anonymous>)
    at window_main_awaiter (/opt/Bitwarden/resources/app.asar/main.js:48967:12)
    at WindowMain.updateWindowState (/opt/Bitwarden/resources/app.asar/main.js:49152:16)
    at WindowMain.<anonymous> (/opt/Bitwarden/resources/app.asar/main.js:49106:28)
    at Generator.next (<anonymous>)
    at /opt/Bitwarden/resources/app.asar/main.js:48971:71
    at new Promise (<anonymous>)
[2022-11-29 08:59:14.309] [error] TypeError: Object has been destroyed
    at WindowMain.<anonymous> (/opt/Bitwarden/resources/app.asar/main.js:49157:36)
    at Generator.next (<anonymous>)
    at /opt/Bitwarden/resources/app.asar/main.js:48971:71
    at new Promise (<anonymous>)
    at window_main_awaiter (/opt/Bitwarden/resources/app.asar/main.js:48967:12)
    at WindowMain.updateWindowState (/opt/Bitwarden/resources/app.asar/main.js:49152:16)
    at WindowMain.<anonymous> (/opt/Bitwarden/resources/app.asar/main.js:49106:28)
    at Generator.next (<anonymous>)
    at /opt/Bitwarden/resources/app.asar/main.js:48971:71
    at new Promise (<anonymous>)
[2022-11-29 12:45:12.887] [error] TypeError: Object has been destroyed
    at WindowMain.<anonymous> (/opt/Bitwarden/resources/app.asar/main.js:49157:36)
    at Generator.next (<anonymous>)
    at /opt/Bitwarden/resources/app.asar/main.js:48971:71
    at new Promise (<anonymous>)
    at window_main_awaiter (/opt/Bitwarden/resources/app.asar/main.js:48967:12)
    at WindowMain.updateWindowState (/opt/Bitwarden/resources/app.asar/main.js:49152:16)
    at WindowMain.<anonymous> (/opt/Bitwarden/resources/app.asar/main.js:49106:28)
    at Generator.next (<anonymous>)
    at /opt/Bitwarden/resources/app.asar/main.js:48971:71
    at new Promise (<anonymous>)
[2022-12-06 21:05:28.998] [error] TypeError: Object has been destroyed
    at WindowMain.<anonymous> (/opt/Bitwarden/resources/app.asar/main.js:49157:36)
    at Generator.next (<anonymous>)
    at /opt/Bitwarden/resources/app.asar/main.js:48971:71
    at new Promise (<anonymous>)
    at window_main_awaiter (/opt/Bitwarden/resources/app.asar/main.js:48967:12)
    at WindowMain.updateWindowState (/opt/Bitwarden/resources/app.asar/main.js:49152:16)
    at WindowMain.<anonymous> (/opt/Bitwarden/resources/app.asar/main.js:49106:28)
    at Generator.next (<anonymous>)
    at /opt/Bitwarden/resources/app.asar/main.js:48971:71
    at new Promise (<anonymous>)
[2022-12-08 10:26:05.884] [error] TypeError: Object has been destroyed
    at WindowMain.<anonymous> (/opt/Bitwarden/resources/app.asar/main.js:49157:36)
    at Generator.next (<anonymous>)
    at /opt/Bitwarden/resources/app.asar/main.js:48971:71
    at new Promise (<anonymous>)
    at window_main_awaiter (/opt/Bitwarden/resources/app.asar/main.js:48967:12)
    at WindowMain.updateWindowState (/opt/Bitwarden/resources/app.asar/main.js:49152:16)
    at WindowMain.<anonymous> (/opt/Bitwarden/resources/app.asar/main.js:49106:28)
    at Generator.next (<anonymous>)
    at /opt/Bitwarden/resources/app.asar/main.js:48971:71
    at new Promise (<anonymous>)
