[2022-10-29 12:31:15.887] [info]  Finished search indexing
[2022-10-29 12:31:16.840] [info]  Finished search indexing
[2022-10-29 17:01:33.107] [info]  Finished search indexing
[2022-10-31 13:50:50.789] [info]  Finished search indexing
[2022-10-31 13:51:38.658] [info]  Finished search indexing
[2022-10-31 14:26:35.738] [info]  Finished search indexing
[2022-10-31 14:26:50.519] [info]  Finished search indexing
[2022-10-31 14:36:49.808] [info]  Finished search indexing
[2022-10-31 14:49:05.217] [info]  Finished search indexing
[2022-10-31 14:49:27.480] [info]  Finished search indexing
[2022-10-31 18:29:54.506] [info]  Finished search indexing
[2022-11-01 08:53:43.372] [info]  Finished search indexing
[2022-11-06 14:33:54.482] [info]  Finished search indexing
[2022-11-09 09:05:21.120] [info]  Finished search indexing
[2022-11-10 10:57:12.309] [error] Error: Cannot start a HubConnection that is not in the 'Disconnected' state.
    at Y._startWithStateTransitions (file:///opt/Bitwarden/resources/app.asar/app/vendor.js:2:60976)
    at Y.start (file:///opt/Bitwarden/resources/app.asar/app/vendor.js:2:60829)
    at useClass.<anonymous> (file:///opt/Bitwarden/resources/app.asar/app/main.js:1:1028252)
    at Generator.next (<anonymous>)
    at r (file:///opt/Bitwarden/resources/app.asar/app/main.js:1:804826)
    at e.invoke (file:///opt/Bitwarden/resources/app.asar/app/vendor.js:2:684422)
    at Object.onInvoke (file:///opt/Bitwarden/resources/app.asar/app/vendor.js:2:1959329)
    at e.invoke (file:///opt/Bitwarden/resources/app.asar/app/vendor.js:2:684362)
    at t.run (file:///opt/Bitwarden/resources/app.asar/app/vendor.js:2:679502)
    at file:///opt/Bitwarden/resources/app.asar/app/vendor.js:2:695683
[2022-11-10 10:57:12.431] [info]  Finished search indexing
[2022-11-20 16:44:52.013] [info]  Finished search indexing
[2022-11-27 17:42:40.674] [info]  Finished search indexing
[2022-11-27 17:43:19.792] [info]  Finished search indexing
[2022-11-27 17:43:37.732] [info]  Finished search indexing
[2022-11-27 17:43:52.785] [info]  Finished search indexing
[2022-11-27 17:44:19.892] [info]  Finished search indexing
[2022-11-29 08:58:41.803] [info]  Finished search indexing
[2022-11-29 12:40:23.287] [info]  Finished search indexing
[2022-11-29 12:42:23.676] [info]  Finished search indexing
[2022-12-06 21:04:30.092] [info]  Finished search indexing
[2022-12-08 09:19:48.730] [info]  Finished search indexing
[2022-12-15 11:15:35.469] [info]  Finished search indexing
[2022-12-15 11:16:45.959] [info]  Finished search indexing
[2022-12-28 13:03:44.215] [info]  Finished search indexing
[2023-01-03 17:48:05.305] [info]  Finished search indexing
[2023-01-04 10:57:41.398] [info]  Finished search indexing
[2023-01-04 10:58:24.351] [info]  Finished search indexing
[2023-01-04 16:10:35.366] [info]  Finished search indexing
[2023-01-04 16:11:02.564] [info]  Finished search indexing
[2023-01-07 00:58:47.610] [info]  Finished search indexing
[2023-01-13 15:27:13.080] [info]  Finished search indexing
[2023-01-13 15:28:38.141] [info]  Finished search indexing
[2023-01-13 15:28:46.503] [info]  Finished search indexing
